[debug] [2021-01-24T07:30:07.783Z] ----------------------------------------------------------------------
[debug] [2021-01-24T07:30:07.786Z] Command:       C:\Program Files\nodejs\node.exe C:\Users\Miche\AppData\Roaming\npm\node_modules\firebase-tools\lib\bin\firebase.js login --reauth
[debug] [2021-01-24T07:30:07.786Z] CLI Version:   9.2.2
[debug] [2021-01-24T07:30:07.786Z] Platform:      win32
[debug] [2021-01-24T07:30:07.786Z] Node Version:  v12.16.3
[debug] [2021-01-24T07:30:07.790Z] Time:          Sun Jan 24 2021 15:30:07 GMT+0800 (China Standard Time)
[debug] [2021-01-24T07:30:07.790Z] ----------------------------------------------------------------------
[debug] [2021-01-24T07:30:07.790Z] 
[debug] [2021-01-24T07:30:07.793Z] >>> [apiv2][query] GET https://firebase-public.firebaseio.com/cli.json [none]
[info] 
[info] Visit this URL on this device to log in:
[info] https://accounts.google.com/o/oauth2/auth?client_id=563584335869-fgrhgmd47bqnekij5i8b5pr03ho849e6.apps.googleusercontent.com&scope=email%20openid%20https%3A%2F%2Fwww.googleapis.com%2Fauth%2Fcloudplatformprojects.readonly%20https%3A%2F%2Fwww.googleapis.com%2Fauth%2Ffirebase%20https%3A%2F%2Fwww.googleapis.com%2Fauth%2Fcloud-platform&response_type=code&state=998670839&redirect_uri=http%3A%2F%2Flocalhost%3A9005
[info] 
[info] Waiting for authentication...
[debug] [2021-01-24T07:30:14.692Z] >>> HTTP REQUEST POST https://accounts.google.com/o/oauth2/token  
 {"code":"4/0AY0e-g6qS9nzswiPgqQky5H8jdpIjhbrNKU1AX2nDkJcFR1PnyrwUnvgBlNhZr1qLg0gpQ","client_id":"563584335869-fgrhgmd47bqnekij5i8b5pr03ho849e6.apps.googleusercontent.com","client_secret":"j9iVZfS8kkCEFUPaAeJV0sAi","redirect_uri":"http://localhost:9005","grant_type":"authorization_code"}
[debug] [2021-01-24T07:30:35.756Z] Token Fetch Error: FirebaseError: Server Error. connect ETIMEDOUT 216.58.200.45:443
    at Request._callback (C:\Users\Miche\AppData\Roaming\npm\node_modules\firebase-tools\lib\api.js:32:31)
    at self.callback (C:\Users\Miche\AppData\Roaming\npm\node_modules\firebase-tools\node_modules\request\request.js:185:22)
    at Request.emit (events.js:310:20)
    at Request.EventEmitter.emit (domain.js:482:12)
    at Request.onRequestError (C:\Users\Miche\AppData\Roaming\npm\node_modules\firebase-tools\node_modules\request\request.js:877:8)
    at ClientRequest.emit (events.js:310:20)
    at ClientRequest.EventEmitter.emit (domain.js:482:12)
    at TLSSocket.socketErrorListener (_http_client.js:426:9)
    at TLSSocket.emit (events.js:310:20)
    at TLSSocket.EventEmitter.emit (domain.js:482:12)
    at emitErrorNT (internal/streams/destroy.js:92:8)
    at emitErrorAndCloseNT (internal/streams/destroy.js:60:3)
    at processTicksAndRejections (internal/process/task_queues.js:84:21)
